<?xml version="1.0" encoding="UTF-8"?>
<!-- Generated by org.testng.reporters.JUnitXMLReporter -->
<testsuite ignored="6" hostname="VaishnaviA" failures="2" tests="2" name="Test" time="0.073" errors="0" timestamp="2024-06-26T22:28:09 IST">
  <testcase classname="TestPages.TestOne" name="Test_URL_and_PageName" time="0.005">
    <failure type="java.lang.NullPointerException" message="Cannot invoke &amp;quot;org.openqa.selenium.WebDriver.getCurrentUrl()&amp;quot; because &amp;quot;this.driver&amp;quot; is null">
      <![CDATA[java.lang.NullPointerException: Cannot invoke "org.openqa.selenium.WebDriver.getCurrentUrl()" because "this.driver" is null
at TestPages.TestOne.Test_URL_and_PageName(TestOne.java:19)
at java.base/java.util.ArrayList.forEach(ArrayList.java:1511)
... Removed 27 stack frames]]>
    </failure>
  </testcase> <!-- Test_URL_and_PageName -->
  <testcase classname="TestPages.TestOne" name="Testwindows" time="0.04">
    <failure type="java.lang.NullPointerException" message="Cannot invoke &amp;quot;org.openqa.selenium.WebDriver.switchTo()&amp;quot; because &amp;quot;this.driver&amp;quot; is null">
      <![CDATA[java.lang.NullPointerException: Cannot invoke "org.openqa.selenium.WebDriver.switchTo()" because "this.driver" is null
at applicationPage.HomePage.windowHandling(HomePage.java:100)
at TestPages.TestOne.Testwindows(TestOne.java:84)
at java.base/java.util.ArrayList.forEach(ArrayList.java:1511)
... Removed 27 stack frames]]>
    </failure>
  </testcase> <!-- Testwindows -->
  <testcase classname="TestPages.TestOne" name="Test_DelayedResponse" time="0.0">
    <ignored/>
  </testcase> <!-- Test_DelayedResponse -->
  <testcase classname="TestPages.TestOne" name="Test_ClassAttribute" time="0.0">
    <ignored/>
  </testcase> <!-- Test_ClassAttribute -->
  <testcase classname="TestPages.TestOne" name="Test_stringVerification" time="0.0">
    <ignored/>
  </testcase> <!-- Test_stringVerification -->
  <testcase classname="TestPages.TestOne" name="Test_DynamicID_Verification" time="0.0">
    <ignored/>
  </testcase> <!-- Test_DynamicID_Verification -->
  <testcase classname="TestPages.TestOne" name="TestNavigations" time="0.0">
    <ignored/>
  </testcase> <!-- TestNavigations -->
  <testcase classname="TestPages.TestOne" name="ScrollerTest" time="0.0">
    <ignored/>
  </testcase> <!-- ScrollerTest -->
</testsuite> <!-- Test -->
