<?xml version="1.0" encoding="UTF-8"?>
<!-- Generated by org.testng.reporters.JUnitXMLReporter -->
<testsuite ignored="6" hostname="VaishnaviA" failures="1" tests="2" name="Test" time="11.515" errors="0" timestamp="2024-05-23T22:36:42 IST">
  <testcase classname="TestPages.TestTwo_countLinks" name="CountNoOfLinks" time="0.03"/>
  <testcase classname="TestPages.TestOne" name="ScrollerTest" time="0.049">
    <failure type="org.openqa.selenium.interactions.MoveTargetOutOfBoundsException" message="Move target (640, 936) is out of bounds of viewport dimensions (1280, 587)
Build info: version: &amp;apos;4.20.0&amp;apos;, revision: &amp;apos;866c76ca80&amp;apos;
System info: os.name: &amp;apos;Windows 11&amp;apos;, os.arch: &amp;apos;amd64&amp;apos;, os.version: &amp;apos;10.0&amp;apos;, java.version: &amp;apos;17.0.2&amp;apos;
Driver info: org.openqa.selenium.firefox.FirefoxDriver
Command: [4c7ff3d2-8248-4b4b-87ad-128ac234abd6, actions {actions=[org.openqa.selenium.interactions.Sequence@7364b719]}]
Capabilities {acceptInsecureCerts: true, browserName: firefox, browserVersion: 126.0, moz:accessibilityChecks: false, moz:buildID: 20240509170740, moz:debuggerAddress: 127.0.0.1:2189, moz:geckodriverVersion: 0.34.0, moz:headless: false, moz:platformVersion: 10.0, moz:processID: 18648, moz:profile: C:\Users\HP\AppData\Local\T..., moz:shutdownTimeout: 60000, moz:webdriverClick: true, moz:windowless: false, pageLoadStrategy: normal, platformName: windows, proxy: Proxy(), se:cdp: ws://127.0.0.1:2189/devtool..., se:cdpVersion: 85.0, setWindowRect: true, strictFileInteractability: false, timeouts: {implicit: 0, pageLoad: 300000, script: 30000}, unhandledPromptBehavior: dismiss and notify, userAgent: Mozilla/5.0 (Windows NT 10....}
Session ID: 4c7ff3d2-8248-4b4b-87ad-128ac234abd6">
      <![CDATA[org.openqa.selenium.interactions.MoveTargetOutOfBoundsException: Move target (640, 936) is out of bounds of viewport dimensions (1280, 587)
Build info: version: '4.20.0', revision: '866c76ca80'
System info: os.name: 'Windows 11', os.arch: 'amd64', os.version: '10.0', java.version: '17.0.2'
Driver info: org.openqa.selenium.firefox.FirefoxDriver
Command: [4c7ff3d2-8248-4b4b-87ad-128ac234abd6, actions {actions=[org.openqa.selenium.interactions.Sequence@7364b719]}]
Capabilities {acceptInsecureCerts: true, browserName: firefox, browserVersion: 126.0, moz:accessibilityChecks: false, moz:buildID: 20240509170740, moz:debuggerAddress: 127.0.0.1:2189, moz:geckodriverVersion: 0.34.0, moz:headless: false, moz:platformVersion: 10.0, moz:processID: 18648, moz:profile: C:\Users\HP\AppData\Local\T..., moz:shutdownTimeout: 60000, moz:webdriverClick: true, moz:windowless: false, pageLoadStrategy: normal, platformName: windows, proxy: Proxy(), se:cdp: ws://127.0.0.1:2189/devtool..., se:cdpVersion: 85.0, setWindowRect: true, strictFileInteractability: false, timeouts: {implicit: 0, pageLoad: 300000, script: 30000}, unhandledPromptBehavior: dismiss and notify, userAgent: Mozilla/5.0 (Windows NT 10....}
Session ID: 4c7ff3d2-8248-4b4b-87ad-128ac234abd6
at org.openqa.selenium.remote.ErrorCodec.decode(ErrorCodec.java:167)
at org.openqa.selenium.remote.codec.w3c.W3CHttpResponseCodec.decode(W3CHttpResponseCodec.java:138)
at org.openqa.selenium.remote.codec.w3c.W3CHttpResponseCodec.decode(W3CHttpResponseCodec.java:50)
at org.openqa.selenium.remote.HttpCommandExecutor.execute(HttpCommandExecutor.java:190)
at org.openqa.selenium.remote.service.DriverCommandExecutor.invokeExecute(DriverCommandExecutor.java:216)
at org.openqa.selenium.remote.service.DriverCommandExecutor.execute(DriverCommandExecutor.java:174)
at org.openqa.selenium.remote.RemoteWebDriver.execute(RemoteWebDriver.java:518)
at org.openqa.selenium.remote.RemoteWebDriver.perform(RemoteWebDriver.java:604)
at org.openqa.selenium.interactions.Actions$BuiltAction.perform(Actions.java:603)
at org.openqa.selenium.interactions.Actions.perform(Actions.java:568)
at applicationPage.HomePage.ScrolltoFooter(HomePage.java:78)
at TestPages.TestOne.ScrollerTest(TestOne.java:59)
at java.base/java.util.concurrent.ThreadPoolExecutor.runWorker(ThreadPoolExecutor.java:1136)
at java.base/java.util.concurrent.ThreadPoolExecutor$Worker.run(ThreadPoolExecutor.java:635)
at java.base/java.lang.Thread.run(Thread.java:833)
... Removed 17 stack frames]]>
    </failure>
  </testcase> <!-- ScrollerTest -->
  <testcase classname="TestPages.TestOne" name="Test_URL_and_PageName" time="0.0">
    <ignored/>
  </testcase> <!-- Test_URL_and_PageName -->
  <testcase classname="TestPages.TestOne" name="Test_stringVerification" time="0.0">
    <ignored/>
  </testcase> <!-- Test_stringVerification -->
  <testcase classname="TestPages.TestOne" name="Test_DelayedResponse" time="0.0">
    <ignored/>
  </testcase> <!-- Test_DelayedResponse -->
  <testcase classname="TestPages.TestOne" name="Test_ClassAttribute" time="0.0">
    <ignored/>
  </testcase> <!-- Test_ClassAttribute -->
  <testcase classname="TestPages.TestOne" name="Test_DynamicID_Verification" time="0.0">
    <ignored/>
  </testcase> <!-- Test_DynamicID_Verification -->
  <testcase classname="TestPages.TestTwo_countLinks" name="BrokenLinks" time="0.0">
    <ignored/>
  </testcase> <!-- BrokenLinks -->
</testsuite> <!-- Test -->
